<?xml version="1.0" encoding="UTF-8"?>
<!-- Generated by org.testng.reporters.JUnitReportReporter -->
<testsuite hostname="LAPTOP-3GMNK1PG" failures="0" tests="2" name="testng.ToVerifyGoogleInChromeAndEdge" time="30.423" errors="0" timestamp="04 Jun 2023 08:45:38 GMT" skipped="0">
  <testcase classname="testng.ToVerifyGoogleInChromeAndEdge" name="toVerifyGoogle" time="12.096"/>
  <testcase classname="testng.ToVerifyGoogleInChromeAndEdge" name="toVerifyGoogle" time="18.327"/>
</testsuite> <!-- testng.ToVerifyGoogleInChromeAndEdge -->
