<?xml version="1.0" encoding="UTF-8"?>
<!-- Generated by org.testng.reporters.JUnitReportReporter -->
<testsuite hostname="LAPTOP-3GMNK1PG" failures="0" tests="3" name="testng.E" time="0.014" errors="0" timestamp="01 Jun 2023 20:22:12 GMT" skipped="1">
  <testcase classname="testng.E" name="a" time="0.013"/>
  <testcase classname="testng.E" name="c" time="0.001"/>
  <testcase classname="testng.E" name="b">
    <skipped/>
  </testcase> <!-- b -->
</testsuite> <!-- testng.E -->
