<?xml version="1.0" encoding="UTF-8"?>
<!-- Generated by org.testng.reporters.JUnitReportReporter -->
<testsuite hostname="LAPTOP-3GMNK1PG" failures="0" tests="1" name="testng.HardAssert" time="0.014" errors="0" timestamp="04 Jun 2023 08:50:24 GMT" skipped="0">
  <testcase classname="testng.HardAssert" name="demo" time="0.014"/>
</testsuite> <!-- testng.HardAssert -->
