<?xml version="1.0" encoding="UTF-8"?>
<!-- Generated by org.testng.reporters.JUnitReportReporter -->
<testsuite hostname="LAPTOP-3GMNK1PG" failures="0" tests="1" name="testng.ToVerifyHomeePagee" time="6.718" errors="0" timestamp="04 Jun 2023 10:33:52 GMT" skipped="0">
  <testcase classname="testng.ToVerifyHomeePagee" name="VerifyHomePage" time="6.718"/>
</testsuite> <!-- testng.ToVerifyHomeePagee -->
