<?xml version="1.0" encoding="UTF-8"?>
<!-- Generated by org.testng.reporters.JUnitReportReporter -->
<testsuite hostname="LAPTOP-3GMNK1PG" failures="0" tests="3" name="testng.F" time="0.007" errors="0" timestamp="01 Jun 2023 20:36:56 GMT" skipped="0">
  <testcase classname="testng.F" name="signup" time="0.001"/>
  <testcase classname="testng.F" name="compose" time="0.003"/>
  <testcase classname="testng.F" name="signIn" time="0.003"/>
</testsuite> <!-- testng.F -->
