<?xml version="1.0" encoding="UTF-8"?>
<!-- Generated by org.testng.reporters.JUnitReportReporter -->
<testsuite hostname="LAPTOP-3GMNK1PG" failures="0" tests="1" name="testng.SoftAssert" time="0.022" errors="0" timestamp="04 Jun 2023 09:14:51 GMT" skipped="0">
  <testcase classname="testng.SoftAssert" name="demo" time="0.022"/>
</testsuite> <!-- testng.SoftAssert -->
