<?xml version="1.0" encoding="UTF-8"?>
<!-- Generated by org.testng.reporters.JUnitReportReporter -->
<testsuite hostname="LAPTOP-3GMNK1PG" failures="0" tests="2" name="testng.G" time="0.018" errors="0" timestamp="01 Jun 2023 20:36:56 GMT" skipped="0">
  <testcase classname="testng.G" name="logout" time="0.014"/>
  <testcase classname="testng.G" name="sentMail" time="0.004"/>
</testsuite> <!-- testng.G -->
