<?xml version="1.0" encoding="UTF-8"?>
<!-- Generated by org.testng.reporters.JUnitReportReporter -->
<testsuite hostname="LAPTOP-3GMNK1PG" failures="0" tests="3" name="testng.B" time="0.021" errors="0" timestamp="01 Jun 2023 19:33:56 GMT" skipped="0">
  <testcase classname="testng.B" name="vikas" time="0.015"/>
  <testcase classname="testng.B" name="prakash" time="0.002"/>
  <testcase classname="testng.B" name="akash" time="0.004"/>
</testsuite> <!-- testng.B -->
