<?xml version="1.0" encoding="UTF-8"?>
<!-- Generated by org.testng.reporters.JUnitReportReporter -->
<testsuite hostname="LAPTOP-3GMNK1PG" failures="0" tests="1" name="testng.ToVerifyGoogle" time="11.730" errors="0" timestamp="04 Jun 2023 07:44:50 GMT" skipped="0">
  <testcase classname="testng.ToVerifyGoogle" name="toVerifyGoogle" time="11.730"/>
</testsuite> <!-- testng.ToVerifyGoogle -->
